[     3.888] (--) Log file renamed from "/home/user/.local/share/xorg/Xorg.pid-1073.log" to "/home/user/.local/share/xorg/Xorg.0.log"
[     3.888] 
X.Org X Server 1.21.1.3
X Protocol Version 11, Revision 0
[     3.888] Current Operating System: Linux user-Inspiron-15-3511 5.15.0-43-generic #46-Ubuntu SMP Tue Jul 12 10:30:17 UTC 2022 x86_64
[     3.888] Kernel command line: BOOT_IMAGE=/boot/vmlinuz-5.15.0-43-generic root=UUID=7d2ec14c-6588-4fab-b87f-6ef78ad08606 ro quiet splash vt.handoff=7
[     3.888] xorg-server 2:21.1.3-2ubuntu2.1 (For technical support please see http://www.ubuntu.com/support) 
[     3.888] Current version of pixman: 0.40.0
[     3.888] 	Before reporting problems, check http://wiki.x.org
	to make sure that you have the latest version.
[     3.888] Markers: (--) probed, (**) from config file, (==) default setting,
	(++) from command line, (!!) notice, (II) informational,
	(WW) warning, (EE) error, (NI) not implemented, (??) unknown.
[     3.888] (==) Log file: "/home/user/.local/share/xorg/Xorg.0.log", Time: Mon Nov 21 17:14:44 2022
[     3.890] (==) Using system config directory "/usr/share/X11/xorg.conf.d"
[     3.892] (==) ServerLayout "layout"
[     3.892] (==) No screen section available. Using defaults.
[     3.892] (**) |-->Screen "Default Screen Section" (0)
[     3.892] (**) |   |-->Monitor "<default monitor>"
[     3.893] (==) No monitor specified for screen "Default Screen Section".
	Using a default monitor configuration.
[     3.893] (==) Automatically adding devices
[     3.893] (==) Automatically enabling devices
[     3.893] (==) Automatically adding GPU devices
[     3.893] (==) Automatically binding GPU devices
[     3.893] (==) Max clients allowed: 256, resource mask: 0x1fffff
[     3.894] (WW) The directory "/usr/share/fonts/X11/cyrillic" does not exist.
[     3.894] 	Entry deleted from font path.
[     3.894] (WW) The directory "/usr/share/fonts/X11/100dpi/" does not exist.
[     3.894] 	Entry deleted from font path.
[     3.894] (WW) The directory "/usr/share/fonts/X11/75dpi/" does not exist.
[     3.894] 	Entry deleted from font path.
[     3.894] (WW) The directory "/usr/share/fonts/X11/100dpi" does not exist.
[     3.894] 	Entry deleted from font path.
[     3.894] (WW) The directory "/usr/share/fonts/X11/75dpi" does not exist.
[     3.894] 	Entry deleted from font path.
[     3.894] (==) FontPath set to:
	/usr/share/fonts/X11/misc,
	/usr/share/fonts/X11/Type1,
	built-ins
[     3.894] (==) ModulePath set to "/usr/lib/xorg/modules"
[     3.894] (II) The server relies on udev to provide the list of input devices.
	If no devices become available, reconfigure udev or disable AutoAddDevices.
[     3.894] (II) Loader magic: 0x5619ce782020
[     3.894] (II) Module ABI versions:
[     3.894] 	X.Org ANSI C Emulation: 0.4
[     3.894] 	X.Org Video Driver: 25.2
[     3.894] 	X.Org XInput driver : 24.4
[     3.894] 	X.Org Server Extension : 10.0
[     3.894] (++) using VT number 2

[     3.895] (II) systemd-logind: took control of session /org/freedesktop/login1/session/_31
[     3.896] (II) xfree86: Adding drm device (/dev/dri/card0)
[     3.896] (II) Platform probe for /sys/devices/pci0000:00/0000:00:02.0/drm/card0
[     3.896] (II) systemd-logind: got fd for /dev/dri/card0 226:0 fd 14 paused 0
[     3.896] (II) xfree86: Adding drm device (/dev/dri/card1)
[     3.896] (II) Platform probe for /sys/devices/pci0000:00/0000:00:06.0/0000:01:00.0/drm/card1
[     3.897] (II) systemd-logind: got fd for /dev/dri/card1 226:1 fd 15 paused 0
[     3.898] (**) OutputClass "nvidia" ModulePath extended to "/usr/lib/x86_64-linux-gnu/nvidia/xorg,/usr/lib/xorg/modules"
[     3.899] (--) PCI:*(0@0:2:0) 8086:9a49:1028:0ab0 rev 1, Mem @ 0x6014000000/16777216, 0x4000000000/268435456, I/O @ 0x00005000/64, BIOS @ 0x????????/131072
[     3.899] (--) PCI: (1@0:0:0) 10de:1c94:1028:0ab0 rev 161, Mem @ 0x74000000/16777216, 0x6000000000/268435456, 0x6010000000/33554432, I/O @ 0x00004000/128
[     3.899] (II) LoadModule: "glx"
[     3.900] (II) Loading /usr/lib/xorg/modules/extensions/libglx.so
[     3.901] (II) Module glx: vendor="X.Org Foundation"
[     3.901] 	compiled for 1.21.1.3, module version = 1.0.0
[     3.901] 	ABI class: X.Org Server Extension, version 10.0
[     3.901] (II) Applying OutputClass "nvidia" to /dev/dri/card1
[     3.901] 	loading driver: nvidia
[     4.010] (==) Matched nvidia as autoconfigured driver 0
[     4.010] (==) Matched nouveau as autoconfigured driver 1
[     4.010] (==) Matched modesetting as autoconfigured driver 2
[     4.010] (==) Matched fbdev as autoconfigured driver 3
[     4.010] (==) Matched vesa as autoconfigured driver 4
[     4.010] (==) Assigned the driver to the xf86ConfigLayout
[     4.010] (II) LoadModule: "nvidia"
[     4.010] (II) Loading /usr/lib/x86_64-linux-gnu/nvidia/xorg/nvidia_drv.so
[     4.012] (II) Module nvidia: vendor="NVIDIA Corporation"
[     4.012] 	compiled for 1.6.99.901, module version = 1.0.0
[     4.012] 	Module class: X.Org Video Driver
[     4.012] (II) LoadModule: "nouveau"
[     4.012] (II) Loading /usr/lib/xorg/modules/drivers/nouveau_drv.so
[     4.013] (II) Module nouveau: vendor="X.Org Foundation"
[     4.013] 	compiled for 1.21.1.3, module version = 1.0.17
[     4.013] 	Module class: X.Org Video Driver
[     4.013] 	ABI class: X.Org Video Driver, version 25.2
[     4.013] (II) LoadModule: "modesetting"
[     4.013] (II) Loading /usr/lib/xorg/modules/drivers/modesetting_drv.so
[     4.014] (II) Module modesetting: vendor="X.Org Foundation"
[     4.014] 	compiled for 1.21.1.3, module version = 1.21.1
[     4.014] 	Module class: X.Org Video Driver
[     4.014] 	ABI class: X.Org Video Driver, version 25.2
[     4.014] (II) LoadModule: "fbdev"
[     4.014] (II) Loading /usr/lib/xorg/modules/drivers/fbdev_drv.so
[     4.014] (II) Module fbdev: vendor="X.Org Foundation"
[     4.014] 	compiled for 1.21.1.3, module version = 0.5.0
[     4.014] 	Module class: X.Org Video Driver
[     4.014] 	ABI class: X.Org Video Driver, version 25.2
[     4.014] (II) LoadModule: "vesa"
[     4.014] (II) Loading /usr/lib/xorg/modules/drivers/vesa_drv.so
[     4.014] (II) Module vesa: vendor="X.Org Foundation"
[     4.014] 	compiled for 1.21.1.3, module version = 2.5.0
[     4.014] 	Module class: X.Org Video Driver
[     4.014] 	ABI class: X.Org Video Driver, version 25.2
[     4.014] (II) NVIDIA dlloader X Driver  515.65.01  Wed Jul 20 13:50:46 UTC 2022
[     4.014] (II) NVIDIA Unified Driver for all Supported NVIDIA GPUs
[     4.014] (II) NOUVEAU driver Date:   Sat Jan 23 12:24:42 2021 -0500
[     4.014] (II) NOUVEAU driver for NVIDIA chipset families :
[     4.014] 	RIVA TNT            (NV04)
[     4.014] 	RIVA TNT2           (NV05)
[     4.014] 	GeForce 256         (NV10)
[     4.014] 	GeForce 2           (NV11, NV15)
[     4.014] 	GeForce 4MX         (NV17, NV18)
[     4.014] 	GeForce 3           (NV20)
[     4.015] 	GeForce 4Ti         (NV25, NV28)
[     4.015] 	GeForce FX          (NV3x)
[     4.015] 	GeForce 6           (NV4x)
[     4.015] 	GeForce 7           (G7x)
[     4.015] 	GeForce 8           (G8x)
[     4.015] 	GeForce 9           (G9x)
[     4.015] 	GeForce GTX 2xx/3xx (GT2xx)
[     4.015] 	GeForce GTX 4xx/5xx (GFxxx)
[     4.015] 	GeForce GTX 6xx/7xx (GKxxx)
[     4.015] 	GeForce GTX 9xx     (GMxxx)
[     4.015] 	GeForce GTX 10xx    (GPxxx)
[     4.015] (II) modesetting: Driver for Modesetting Kernel Drivers: kms
[     4.015] (II) FBDEV: driver for framebuffer: fbdev
[     4.015] (II) VESA: driver for VESA chipsets: vesa
[     4.015] xf86EnableIO: failed to enable I/O ports 0000-03ff (Operation not permitted)
[     4.015] (II) modeset(0): using drv /dev/dri/card0
[     4.015] (WW) Falling back to old probe method for fbdev
[     4.015] (II) Loading sub module "fbdevhw"
[     4.015] (II) LoadModule: "fbdevhw"
[     4.015] (II) Loading /usr/lib/xorg/modules/libfbdevhw.so
[     4.015] (II) Module fbdevhw: vendor="X.Org Foundation"
[     4.015] 	compiled for 1.21.1.3, module version = 0.0.2
[     4.015] 	ABI class: X.Org Video Driver, version 25.2
[     4.015] (EE) open /dev/fb0: Permission denied
[     4.015] (II) systemd-logind: releasing fd for 226:1
[     4.016] (II) Loading sub module "fb"
[     4.016] (II) LoadModule: "fb"
[     4.016] (II) Module "fb" already built-in
[     4.016] (II) Loading sub module "wfb"
[     4.016] (II) LoadModule: "wfb"
[     4.016] (II) Loading /usr/lib/xorg/modules/libwfb.so
[     4.016] (II) Module wfb: vendor="X.Org Foundation"
[     4.016] 	compiled for 1.21.1.3, module version = 1.0.0
[     4.016] 	ABI class: X.Org ANSI C Emulation, version 0.4
[     4.016] (II) Loading sub module "ramdac"
[     4.016] (II) LoadModule: "ramdac"
[     4.016] (II) Module "ramdac" already built-in
[     4.017] (WW) VGA arbiter: cannot open kernel arbiter, no multi-card support
[     4.017] (II) modeset(0): Creating default Display subsection in Screen section
	"Default Screen Section" for depth/fbbpp 24/32
[     4.017] (==) modeset(0): Depth 24, (==) framebuffer bpp 32
[     4.017] (==) modeset(0): RGB weight 888
[     4.017] (==) modeset(0): Default visual is TrueColor
[     4.017] (II) Loading sub module "glamoregl"
[     4.017] (II) LoadModule: "glamoregl"
[     4.017] (II) Loading /usr/lib/xorg/modules/libglamoregl.so
[     4.022] (II) Module glamoregl: vendor="X.Org Foundation"
[     4.022] 	compiled for 1.21.1.3, module version = 1.0.1
[     4.022] 	ABI class: X.Org ANSI C Emulation, version 0.4
[     4.145] (II) modeset(0): glamor X acceleration enabled on Mesa Intel(R) Xe Graphics (TGL GT2)
[     4.145] (II) modeset(0): glamor initialized
[     4.145] (==) modeset(0): VariableRefresh: disabled
[     4.145] (==) modeset(0): AsyncFlipSecondaries: disabled
[     4.146] (II) modeset(0): Output eDP-1 has no monitor section
[     4.146] (II) modeset(0): Output HDMI-1 has no monitor section
[     4.148] (II) modeset(0): EDID for output eDP-1
[     4.148] (II) modeset(0): Manufacturer: BOE  Model: 97d  Serial#: 0
[     4.148] (II) modeset(0): Year: 2020  Week: 27
[     4.148] (II) modeset(0): EDID Version: 1.4
[     4.148] (II) modeset(0): Digital Display Input
[     4.148] (II) modeset(0): 6 bits per channel
[     4.148] (II) modeset(0): Digital interface is DisplayPort
[     4.148] (II) modeset(0): Max Image Size [cm]: horiz.: 34  vert.: 19
[     4.148] (II) modeset(0): Gamma: 2.20
[     4.148] (II) modeset(0): No DPMS capabilities specified
[     4.148] (II) modeset(0): Supported color encodings: RGB 4:4:4 
[     4.148] (II) modeset(0): First detailed timing is preferred mode
[     4.148] (II) modeset(0): Preferred mode is native pixel format and refresh rate
[     4.148] (II) modeset(0): redX: 0.585 redY: 0.364   greenX: 0.350 greenY: 0.568
[     4.148] (II) modeset(0): blueX: 0.163 blueY: 0.124   whiteX: 0.313 whiteY: 0.329
[     4.148] (II) modeset(0): Manufacturer's mask: 0
[     4.148] (II) modeset(0): Supported detailed timing:
[     4.148] (II) modeset(0): clock: 151.3 MHz   Image Size:  344 x 194 mm
[     4.148] (II) modeset(0): h_active: 1920  h_sync: 1968  h_sync_end 2000 h_blank_end 2212 h_border: 0
[     4.148] (II) modeset(0): v_active: 1080  v_sync: 1083  v_sync_end 1089 v_blanking: 1140 v_border: 0
[     4.148] (II) modeset(0): Supported detailed timing:
[     4.148] (II) modeset(0): clock: 121.0 MHz   Image Size:  344 x 194 mm
[     4.148] (II) modeset(0): h_active: 1920  h_sync: 1968  h_sync_end 2000 h_blank_end 2212 h_border: 0
[     4.148] (II) modeset(0): v_active: 1080  v_sync: 1083  v_sync_end 1089 v_blanking: 1140 v_border: 0
[     4.148] (II) modeset(0):  N39X1€NV15N3D
[     4.148] (II) modeset(0): Unknown vendor-specific block 0
[     4.148] (II) modeset(0): EDID (in hex):
[     4.148] (II) modeset(0): 	00ffffffffffff0009e57d0900000000
[     4.148] (II) modeset(0): 	1b1e01049522137802daf5955d599129
[     4.148] (II) modeset(0): 	1f505400000001010101010101010101
[     4.148] (II) modeset(0): 	0101010101011b3b802471383c403020
[     4.148] (II) modeset(0): 	360058c21000001a492f802471383c40
[     4.148] (II) modeset(0): 	3020360058c21000001a000000fe004e
[     4.148] (II) modeset(0): 	33395831804e5631354e334400000000
[     4.148] (II) modeset(0): 	0000412196001000000a010a20200088
[     4.148] (II) modeset(0): Printing probed modes for output eDP-1
[     4.148] (II) modeset(0): Modeline "1920x1080"x60.0  151.31  1920 1968 2000 2212  1080 1083 1089 1140 +hsync -vsync (68.4 kHz eP)
[     4.148] (II) modeset(0): Modeline "1920x1080"x119.9  266.50  1920 1944 1960 2000  1080 1081 1084 1111 doublescan +hsync -vsync (133.2 kHz d)
[     4.148] (II) modeset(0): Modeline "1920x1080"x60.0  173.00  1920 2048 2248 2576  1080 1083 1088 1120 -hsync +vsync (67.2 kHz d)
[     4.148] (II) modeset(0): Modeline "1920x1080"x59.9  138.50  1920 1968 2000 2080  1080 1083 1088 1111 +hsync -vsync (66.6 kHz d)
[     4.148] (II) modeset(0): Modeline "1920x1080"x48.0  121.05  1920 1968 2000 2212  1080 1083 1089 1140 +hsync -vsync (54.7 kHz e)
[     4.148] (II) modeset(0): Modeline "1680x1050"x60.0  146.25  1680 1784 1960 2240  1050 1053 1059 1089 -hsync +vsync (65.3 kHz d)
[     4.148] (II) modeset(0): Modeline "1680x1050"x59.9  119.00  1680 1728 1760 1840  1050 1053 1059 1080 +hsync -vsync (64.7 kHz d)
[     4.148] (II) modeset(0): Modeline "1600x1024"x60.2  103.12  1600 1600 1656 1664  1024 1024 1029 1030 +hsync +vsync (62.0 kHz d)
[     4.148] (II) modeset(0): Modeline "1400x1050"x60.0  122.00  1400 1488 1640 1880  1050 1052 1064 1082 +hsync +vsync (64.9 kHz d)
[     4.148] (II) modeset(0): Modeline "1600x900"x120.0  246.00  1600 1728 1900 2200  900 901 904 932 doublescan -hsync +vsync (111.8 kHz d)
[     4.148] (II) modeset(0): Modeline "1600x900"x119.9  186.50  1600 1624 1640 1680  900 901 904 926 doublescan +hsync -vsync (111.0 kHz d)
[     4.148] (II) modeset(0): Modeline "1600x900"x59.9  118.25  1600 1696 1856 2112  900 903 908 934 -hsync +vsync (56.0 kHz d)
[     4.148] (II) modeset(0): Modeline "1600x900"x59.8   97.50  1600 1648 1680 1760  900 903 908 926 +hsync -vsync (55.4 kHz d)
[     4.148] (II) modeset(0): Modeline "1280x1024"x60.0  108.00  1280 1328 1440 1688  1024 1025 1028 1066 +hsync +vsync (64.0 kHz d)
[     4.148] (II) modeset(0): Modeline "1440x900"x59.9  106.50  1440 1520 1672 1904  900 903 909 934 -hsync +vsync (55.9 kHz d)
[     4.148] (II) modeset(0): Modeline "1400x900"x60.0  103.50  1400 1480 1624 1848  900 903 913 934 -hsync +vsync (56.0 kHz d)
[     4.148] (II) modeset(0): Modeline "1400x900"x59.9   86.50  1400 1448 1480 1560  900 903 913 926 +hsync -vsync (55.4 kHz d)
[     4.148] (II) modeset(0): Modeline "1280x960"x60.0  108.00  1280 1376 1488 1800  960 961 964 1000 +hsync +vsync (60.0 kHz d)
[     4.148] (II) modeset(0): Modeline "1440x810"x120.0  198.12  1440 1548 1704 1968  810 811 814 839 doublescan -hsync +vsync (100.7 kHz d)
[     4.148] (II) modeset(0): Modeline "1440x810"x119.9  151.88  1440 1464 1480 1520  810 811 814 833 doublescan +hsync -vsync (99.9 kHz d)
[     4.148] (II) modeset(0): Modeline "1368x768"x59.9   85.25  1368 1440 1576 1784  768 771 781 798 -hsync +vsync (47.8 kHz d)
[     4.148] (II) modeset(0): Modeline "1368x768"x59.9   72.25  1368 1416 1448 1528  768 771 781 790 +hsync -vsync (47.3 kHz d)
[     4.148] (II) modeset(0): Modeline "1360x768"x59.8   84.75  1360 1432 1568 1776  768 771 781 798 -hsync +vsync (47.7 kHz d)
[     4.148] (II) modeset(0): Modeline "1360x768"x60.0   72.00  1360 1408 1440 1520  768 771 781 790 +hsync -vsync (47.4 kHz d)
[     4.148] (II) modeset(0): Modeline "1280x800"x120.0  174.25  1280 1380 1516 1752  800 801 804 829 doublescan -hsync +vsync (99.5 kHz d)
[     4.148] (II) modeset(0): Modeline "1280x800"x119.9  134.25  1280 1304 1320 1360  800 801 804 823 doublescan +hsync -vsync (98.7 kHz d)
[     4.148] (II) modeset(0): Modeline "1280x800"x59.8   83.50  1280 1352 1480 1680  800 803 809 831 -hsync +vsync (49.7 kHz d)
[     4.148] (II) modeset(0): Modeline "1280x800"x59.9   71.00  1280 1328 1360 1440  800 803 809 823 +hsync -vsync (49.3 kHz d)
[     4.148] (II) modeset(0): Modeline "1152x864"x60.0   81.62  1152 1216 1336 1520  864 865 868 895 -hsync +vsync (53.7 kHz d)
[     4.148] (II) modeset(0): Modeline "1280x720"x120.0  156.12  1280 1376 1512 1744  720 721 724 746 doublescan -hsync +vsync (89.5 kHz d)
[     4.148] (II) modeset(0): Modeline "1280x720"x120.0  120.75  1280 1304 1320 1360  720 721 724 740 doublescan +hsync -vsync (88.8 kHz d)
[     4.148] (II) modeset(0): Modeline "1280x720"x59.9   74.50  1280 1344 1472 1664  720 723 728 748 -hsync +vsync (44.8 kHz d)
[     4.148] (II) modeset(0): Modeline "1280x720"x59.7   63.75  1280 1328 1360 1440  720 723 728 741 +hsync -vsync (44.3 kHz d)
[     4.148] (II) modeset(0): Modeline "1024x768"x120.1  133.47  1024 1100 1212 1400  768 768 770 794 doublescan -hsync +vsync (95.3 kHz d)
[     4.148] (II) modeset(0): Modeline "1024x768"x60.0   65.00  1024 1048 1184 1344  768 771 777 806 -hsync -vsync (48.4 kHz d)
[     4.148] (II) modeset(0): Modeline "960x720"x120.0  117.00  960 1024 1128 1300  720 720 722 750 doublescan -hsync +vsync (90.0 kHz d)
[     4.148] (II) modeset(0): Modeline "928x696"x120.1  109.15  928 976 1088 1264  696 696 698 719 doublescan -hsync +vsync (86.4 kHz d)
[     4.148] (II) modeset(0): Modeline "896x672"x120.0  102.40  896 960 1060 1224  672 672 674 697 doublescan -hsync +vsync (83.7 kHz d)
[     4.148] (II) modeset(0): Modeline "1024x576"x119.9   98.50  1024 1092 1200 1376  576 577 580 597 doublescan -hsync +vsync (71.6 kHz d)
[     4.148] (II) modeset(0): Modeline "1024x576"x119.9   78.38  1024 1048 1064 1104  576 577 580 592 doublescan +hsync -vsync (71.0 kHz d)
[     4.148] (II) modeset(0): Modeline "1024x576"x59.9   46.50  1024 1064 1160 1296  576 579 584 599 -hsync +vsync (35.9 kHz d)
[     4.148] (II) modeset(0): Modeline "1024x576"x59.8   42.00  1024 1072 1104 1184  576 579 584 593 +hsync -vsync (35.5 kHz d)
[     4.148] (II) modeset(0): Modeline "960x600"x119.9   96.62  960 1028 1128 1296  600 601 604 622 doublescan -hsync +vsync (74.6 kHz d)
[     4.148] (II) modeset(0): Modeline "960x600"x120.0   77.00  960 984 1000 1040  600 601 604 617 doublescan +hsync -vsync (74.0 kHz d)
[     4.148] (II) modeset(0): Modeline "960x540"x119.9   86.50  960 1024 1124 1288  540 541 544 560 doublescan -hsync +vsync (67.2 kHz d)
[     4.148] (II) modeset(0): Modeline "960x540"x120.0   69.25  960 984 1000 1040  540 541 544 555 doublescan +hsync -vsync (66.6 kHz d)
[     4.148] (II) modeset(0): Modeline "960x540"x59.6   40.75  960 992 1088 1216  540 543 548 562 -hsync +vsync (33.5 kHz d)
[     4.148] (II) modeset(0): Modeline "960x540"x59.8   37.25  960 1008 1040 1120  540 543 548 556 +hsync -vsync (33.3 kHz d)
[     4.148] (II) modeset(0): Modeline "800x600"x120.0   81.00  800 832 928 1080  600 600 602 625 doublescan +hsync +vsync (75.0 kHz d)
[     4.148] (II) modeset(0): Modeline "800x600"x60.3   40.00  800 840 968 1056  600 601 605 628 +hsync +vsync (37.9 kHz d)
[     4.148] (II) modeset(0): Modeline "800x600"x56.2   36.00  800 824 896 1024  600 601 603 625 +hsync +vsync (35.2 kHz d)
[     4.148] (II) modeset(0): Modeline "840x525"x120.0   73.12  840 892 980 1120  525 526 529 544 doublescan -hsync +vsync (65.3 kHz d)
[     4.148] (II) modeset(0): Modeline "840x525"x119.8   59.50  840 864 880 920  525 526 529 540 doublescan +hsync -vsync (64.7 kHz d)
[     4.148] (II) modeset(0): Modeline "864x486"x59.9   32.50  864 888 968 1072  486 489 494 506 -hsync +vsync (30.3 kHz d)
[     4.148] (II) modeset(0): Modeline "864x486"x59.6   30.50  864 912 944 1024  486 489 494 500 +hsync -vsync (29.8 kHz d)
[     4.149] (II) modeset(0): Modeline "800x512"x120.3   51.56  800 800 828 832  512 512 514 515 doublescan +hsync +vsync (62.0 kHz d)
[     4.149] (II) modeset(0): Modeline "700x525"x120.0   61.00  700 744 820 940  525 526 532 541 doublescan +hsync +vsync (64.9 kHz d)
[     4.149] (II) modeset(0): Modeline "800x450"x119.9   59.12  800 848 928 1056  450 451 454 467 doublescan -hsync +vsync (56.0 kHz d)
[     4.149] (II) modeset(0): Modeline "800x450"x119.6   48.75  800 824 840 880  450 451 454 463 doublescan +hsync -vsync (55.4 kHz d)
[     4.149] (II) modeset(0): Modeline "640x512"x120.0   54.00  640 664 720 844  512 512 514 533 doublescan +hsync +vsync (64.0 kHz d)
[     4.149] (II) modeset(0): Modeline "720x450"x119.8   53.25  720 760 836 952  450 451 454 467 doublescan -hsync +vsync (55.9 kHz d)
[     4.149] (II) modeset(0): Modeline "700x450"x119.9   51.75  700 740 812 924  450 451 456 467 doublescan -hsync +vsync (56.0 kHz d)
[     4.149] (II) modeset(0): Modeline "700x450"x119.8   43.25  700 724 740 780  450 451 456 463 doublescan +hsync -vsync (55.4 kHz d)
[     4.149] (II) modeset(0): Modeline "640x480"x120.0   54.00  640 688 744 900  480 480 482 500 doublescan +hsync +vsync (60.0 kHz d)
[     4.149] (II) modeset(0): Modeline "640x480"x59.9   25.18  640 656 752 800  480 490 492 525 -hsync -vsync (31.5 kHz d)
[     4.149] (II) modeset(0): Modeline "720x405"x59.5   22.50  720 744 808 896  405 408 413 422 -hsync +vsync (25.1 kHz d)
[     4.149] (II) modeset(0): Modeline "720x405"x59.0   21.75  720 768 800 880  405 408 413 419 +hsync -vsync (24.7 kHz d)
[     4.149] (II) modeset(0): Modeline "684x384"x119.8   42.62  684 720 788 892  384 385 390 399 doublescan -hsync +vsync (47.8 kHz d)
[     4.149] (II) modeset(0): Modeline "684x384"x119.7   36.12  684 708 724 764  384 385 390 395 doublescan +hsync -vsync (47.3 kHz d)
[     4.149] (II) modeset(0): Modeline "680x384"x119.6   42.38  680 716 784 888  384 385 390 399 doublescan -hsync +vsync (47.7 kHz d)
[     4.149] (II) modeset(0): Modeline "680x384"x119.9   36.00  680 704 720 760  384 385 390 395 doublescan +hsync -vsync (47.4 kHz d)
[     4.149] (II) modeset(0): Modeline "640x400"x119.8   41.75  640 676 740 840  400 401 404 415 doublescan -hsync +vsync (49.7 kHz d)
[     4.149] (II) modeset(0): Modeline "640x400"x120.0   35.50  640 664 680 720  400 401 404 411 doublescan +hsync -vsync (49.3 kHz d)
[     4.149] (II) modeset(0): Modeline "576x432"x120.1   40.81  576 608 668 760  432 432 434 447 doublescan -hsync +vsync (53.7 kHz d)
[     4.149] (II) modeset(0): Modeline "640x360"x119.7   37.25  640 672 736 832  360 361 364 374 doublescan -hsync +vsync (44.8 kHz d)
[     4.149] (II) modeset(0): Modeline "640x360"x119.7   31.88  640 664 680 720  360 361 364 370 doublescan +hsync -vsync (44.3 kHz d)
[     4.149] (II) modeset(0): Modeline "640x360"x59.8   18.00  640 664 720 800  360 363 368 376 -hsync +vsync (22.5 kHz d)
[     4.149] (II) modeset(0): Modeline "640x360"x59.3   17.75  640 688 720 800  360 363 368 374 +hsync -vsync (22.2 kHz d)
[     4.149] (II) modeset(0): Modeline "512x384"x120.0   32.50  512 524 592 672  384 385 388 403 doublescan -hsync -vsync (48.4 kHz d)
[     4.149] (II) modeset(0): Modeline "512x288"x120.0   23.25  512 532 580 648  288 289 292 299 doublescan -hsync +vsync (35.9 kHz d)
[     4.149] (II) modeset(0): Modeline "512x288"x119.8   21.00  512 536 552 592  288 289 292 296 doublescan +hsync -vsync (35.5 kHz d)
[     4.149] (II) modeset(0): Modeline "480x270"x119.3   20.38  480 496 544 608  270 271 274 281 doublescan -hsync +vsync (33.5 kHz d)
[     4.149] (II) modeset(0): Modeline "480x270"x119.6   18.62  480 504 520 560  270 271 274 278 doublescan +hsync -vsync (33.3 kHz d)
[     4.149] (II) modeset(0): Modeline "400x300"x120.6   20.00  400 420 484 528  300 300 302 314 doublescan +hsync +vsync (37.9 kHz d)
[     4.149] (II) modeset(0): Modeline "400x300"x112.7   18.00  400 412 448 512  300 300 301 312 doublescan +hsync +vsync (35.2 kHz d)
[     4.149] (II) modeset(0): Modeline "432x243"x119.8   16.25  432 444 484 536  243 244 247 253 doublescan -hsync +vsync (30.3 kHz d)
[     4.149] (II) modeset(0): Modeline "432x243"x119.1   15.25  432 456 472 512  243 244 247 250 doublescan +hsync -vsync (29.8 kHz d)
[     4.149] (II) modeset(0): Modeline "320x240"x120.1   12.59  320 328 376 400  240 245 246 262 doublescan -hsync -vsync (31.5 kHz d)
[     4.149] (II) modeset(0): Modeline "360x202"x119.0   11.25  360 372 404 448  202 204 206 211 doublescan -hsync +vsync (25.1 kHz d)
[     4.149] (II) modeset(0): Modeline "360x202"x118.3   10.88  360 384 400 440  202 204 206 209 doublescan +hsync -vsync (24.7 kHz d)
[     4.149] (II) modeset(0): Modeline "320x180"x119.7    9.00  320 332 360 400  180 181 184 188 doublescan -hsync +vsync (22.5 kHz d)
[     4.149] (II) modeset(0): Modeline "320x180"x118.6    8.88  320 344 360 400  180 181 184 187 doublescan +hsync -vsync (22.2 kHz d)
[     4.149] (II) modeset(0): EDID for output HDMI-1
[     4.149] (II) modeset(0): Output eDP-1 connected
[     4.149] (II) modeset(0): Output HDMI-1 disconnected
[     4.149] (II) modeset(0): Using exact sizes for initial modes
[     4.149] (II) modeset(0): Output eDP-1 using initial mode 1920x1080 +0+0
[     4.149] (==) modeset(0): Using gamma correction (1.0, 1.0, 1.0)
[     4.149] (==) modeset(0): DPI set to (96, 96)
[     4.149] (II) Loading sub module "fb"
[     4.149] (II) LoadModule: "fb"
[     4.149] (II) Module "fb" already built-in
[     4.149] (==) NVIDIA(G0): Depth 24, (==) framebuffer bpp 32
[     4.149] (==) NVIDIA(G0): RGB weight 888
[     4.149] (==) NVIDIA(G0): Default visual is TrueColor
[     4.149] (==) NVIDIA(G0): Using gamma correction (1.0, 1.0, 1.0)
[     4.149] (**) Option "AllowNVIDIAGpuScreens"
[     4.149] (II) Applying OutputClass "nvidia" options to /dev/dri/card1
[     4.149] (**) NVIDIA(G0): Option "AllowEmptyInitialConfiguration"
[     4.149] (**) NVIDIA(G0): Enabling 2D acceleration
[     4.149] (II) Loading sub module "glxserver_nvidia"
[     4.149] (II) LoadModule: "glxserver_nvidia"
[     4.149] (II) Loading /usr/lib/x86_64-linux-gnu/nvidia/xorg/libglxserver_nvidia.so
[     4.166] (II) Module glxserver_nvidia: vendor="NVIDIA Corporation"
[     4.166] 	compiled for 1.6.99.901, module version = 1.0.0
[     4.166] 	Module class: X.Org Server Extension
[     4.166] (II) NVIDIA GLX Module  515.65.01  Wed Jul 20 13:48:42 UTC 2022
[     4.167] (II) NVIDIA: The X server supports PRIME Render Offload.
[     4.168] (II) NVIDIA(G0): NVIDIA GPU NVIDIA GeForce MX350 (GP107-A) at PCI:1:0:0
[     4.168] (II) NVIDIA(G0):     (GPU-0)
[     4.168] (--) NVIDIA(G0): Memory: 2097152 kBytes
[     4.168] (--) NVIDIA(G0): VideoBIOS: 86.07.96.00.48
[     4.168] (II) NVIDIA(G0): Detected PCI Express Link width: 16X
[     4.168] (II) NVIDIA(G0): Validated MetaModes:
[     4.168] (II) NVIDIA(G0):     "NULL"
[     4.168] (II) NVIDIA(G0): Virtual screen size determined to be 640 x 480
[     4.168] (WW) NVIDIA(G0): Unable to get display device for DPI computation.
[     4.168] (==) NVIDIA(G0): DPI set to (75, 75); computed from built-in default
[     4.168] (II) UnloadModule: "nouveau"
[     4.168] (II) Unloading nouveau
[     4.168] (II) UnloadModule: "fbdev"
[     4.168] (II) Unloading fbdev
[     4.168] (II) UnloadSubModule: "fbdevhw"
[     4.168] (II) Unloading fbdevhw
[     4.168] (II) UnloadModule: "vesa"
[     4.168] (II) Unloading vesa
[     4.179] (==) modeset(0): Backing store enabled
[     4.179] (==) modeset(0): Silken mouse enabled
[     4.258] (II) modeset(0): Initializing kms color map for depth 24, 8 bpc.
[     4.258] (==) modeset(0): DPMS enabled
[     4.258] (II) modeset(0): [DRI2] Setup complete
[     4.258] (II) modeset(0): [DRI2]   DRI driver: iris
[     4.258] (II) modeset(0): [DRI2]   VDPAU driver: va_gl
[     4.258] (WW) NVIDIA: Failed to bind sideband socket to
[     4.258] (WW) NVIDIA:     '/var/run/nvidia-xdriver-2af38a45' Permission denied
[     4.258] (II) NVIDIA: Reserving 24576.00 MB of virtual memory for indirect memory
[     4.258] (II) NVIDIA:     access.
[     4.274] (II) NVIDIA(G0): Setting mode "NULL"
[     4.276] (==) NVIDIA(G0): Disabling shared memory pixmaps
[     4.276] (==) NVIDIA(G0): Backing store enabled
[     4.276] (==) NVIDIA(G0): Silken mouse enabled
[     4.276] (==) NVIDIA(G0): DPMS enabled
[     4.276] (II) Loading sub module "dri2"
[     4.276] (II) LoadModule: "dri2"
[     4.276] (II) Module "dri2" already built-in
[     4.276] (II) NVIDIA(G0): [DRI2] Setup complete
[     4.276] (II) NVIDIA(G0): [DRI2]   VDPAU driver: nvidia
[     4.276] (II) Initializing extension Generic Event Extension
[     4.276] (II) Initializing extension SHAPE
[     4.276] (II) Initializing extension MIT-SHM
[     4.276] (II) Initializing extension XInputExtension
[     4.276] (II) Initializing extension XTEST
[     4.276] (II) Initializing extension BIG-REQUESTS
[     4.277] (II) Initializing extension SYNC
[     4.277] (II) Initializing extension XKEYBOARD
[     4.277] (II) Initializing extension XC-MISC
[     4.277] (II) Initializing extension SECURITY
[     4.277] (II) Initializing extension XFIXES
[     4.277] (II) Initializing extension RENDER
[     4.277] (II) Initializing extension RANDR
[     4.277] (II) Initializing extension COMPOSITE
[     4.277] (II) Initializing extension DAMAGE
[     4.277] (II) Initializing extension MIT-SCREEN-SAVER
[     4.277] (II) Initializing extension DOUBLE-BUFFER
[     4.277] (II) Initializing extension RECORD
[     4.277] (II) Initializing extension DPMS
[     4.278] (II) Initializing extension Present
[     4.278] (II) Initializing extension DRI3
[     4.278] (II) Initializing extension X-Resource
[     4.278] (II) Initializing extension XVideo
[     4.278] (II) Initializing extension XVideo-MotionCompensation
[     4.278] (II) Initializing extension SELinux
[     4.278] (II) SELinux: Disabled on system
[     4.278] (II) Initializing extension GLX
[     4.278] (II) Initializing extension GLX
[     4.278] (II) Indirect GLX disabled.
[     4.283] (II) AIGLX: Loaded and initialized iris
[     4.283] (II) GLX: Initialized DRI2 GL provider for screen 0
[     4.283] (II) Initializing extension XFree86-VidModeExtension
[     4.283] (II) Initializing extension XFree86-DGA
[     4.283] (II) Initializing extension XFree86-DRI
[     4.283] (II) Initializing extension DRI2
[     4.283] (II) Initializing extension NV-GLX
[     4.283] (II) Initializing extension NV-CONTROL
[     4.284] (II) modeset(0): Damage tracking initialized
[     4.284] (II) modeset(0): Setting screen physical size to 508 x 285
[     4.320] (II) config/udev: Adding input device Video Bus (/dev/input/event12)
[     4.320] (**) Video Bus: Applying InputClass "libinput keyboard catchall"
[     4.320] (II) LoadModule: "libinput"
[     4.320] (II) Loading /usr/lib/xorg/modules/input/libinput_drv.so
[     4.322] (II) Module libinput: vendor="X.Org Foundation"
[     4.322] 	compiled for 1.20.14, module version = 1.2.1
[     4.322] 	Module class: X.Org XInput Driver
[     4.322] 	ABI class: X.Org XInput driver, version 24.1
[     4.322] (II) Using input driver 'libinput' for 'Video Bus'
[     4.323] (II) systemd-logind: got fd for /dev/input/event12 13:76 fd 44 paused 0
[     4.323] (**) Video Bus: always reports core events
[     4.323] (**) Option "Device" "/dev/input/event12"
[     4.326] (II) event12 - Video Bus: is tagged by udev as: Keyboard
[     4.326] (II) event12 - Video Bus: device is a keyboard
[     4.326] (II) event12 - Video Bus: device removed
[     4.327] (**) Option "config_info" "udev:/sys/devices/LNXSYSTM:00/LNXSYBUS:00/PNP0A08:00/LNXVIDEO:01/input/input17/event12"
[     4.327] (II) XINPUT: Adding extended input device "Video Bus" (type: KEYBOARD, id 6)
[     4.327] (**) Option "xkb_model" "pc105"
[     4.327] (**) Option "xkb_layout" "us"
[     4.327] (II) event12 - Video Bus: is tagged by udev as: Keyboard
[     4.327] (II) event12 - Video Bus: device is a keyboard
[     4.328] (II) config/udev: Adding input device Video Bus (/dev/input/event11)
[     4.328] (**) Video Bus: Applying InputClass "libinput keyboard catchall"
[     4.328] (II) Using input driver 'libinput' for 'Video Bus'
[     4.328] (II) systemd-logind: got fd for /dev/input/event11 13:75 fd 47 paused 0
[     4.328] (**) Video Bus: always reports core events
[     4.328] (**) Option "Device" "/dev/input/event11"
[     4.329] (II) event11 - Video Bus: is tagged by udev as: Keyboard
[     4.329] (II) event11 - Video Bus: device is a keyboard
[     4.329] (II) event11 - Video Bus: device removed
[     4.329] (**) Option "config_info" "udev:/sys/devices/LNXSYSTM:00/LNXSYBUS:00/PNP0A08:00/device:00/LNXVIDEO:00/input/input16/event11"
[     4.329] (II) XINPUT: Adding extended input device "Video Bus" (type: KEYBOARD, id 7)
[     4.329] (**) Option "xkb_model" "pc105"
[     4.329] (**) Option "xkb_layout" "us"
[     4.330] (II) event11 - Video Bus: is tagged by udev as: Keyboard
[     4.330] (II) event11 - Video Bus: device is a keyboard
[     4.330] (II) config/udev: Adding input device Power Button (/dev/input/event1)
[     4.330] (**) Power Button: Applying InputClass "libinput keyboard catchall"
[     4.330] (II) Using input driver 'libinput' for 'Power Button'
[     4.330] (II) systemd-logind: got fd for /dev/input/event1 13:65 fd 48 paused 0
[     4.330] (**) Power Button: always reports core events
[     4.330] (**) Option "Device" "/dev/input/event1"
[     4.331] (II) event1  - Power Button: is tagged by udev as: Keyboard
[     4.331] (II) event1  - Power Button: device is a keyboard
[     4.331] (II) event1  - Power Button: device removed
[     4.331] (**) Option "config_info" "udev:/sys/devices/LNXSYSTM:00/LNXSYBUS:00/PNP0C0C:00/input/input1/event1"
[     4.331] (II) XINPUT: Adding extended input device "Power Button" (type: KEYBOARD, id 8)
[     4.331] (**) Option "xkb_model" "pc105"
[     4.331] (**) Option "xkb_layout" "us"
[     4.332] (II) event1  - Power Button: is tagged by udev as: Keyboard
[     4.332] (II) event1  - Power Button: device is a keyboard
[     4.332] (II) config/udev: Adding input device Lid Switch (/dev/input/event0)
[     4.332] (II) No input driver specified, ignoring this device.
[     4.332] (II) This device may have been added with another device file.
[     4.333] (II) config/udev: Adding input device Integrated_Webcam_HD: Integrate (/dev/input/event4)
[     4.333] (**) Integrated_Webcam_HD: Integrate: Applying InputClass "libinput keyboard catchall"
[     4.333] (II) Using input driver 'libinput' for 'Integrated_Webcam_HD: Integrate'
[     4.333] (II) systemd-logind: got fd for /dev/input/event4 13:68 fd 49 paused 0
[     4.333] (**) Integrated_Webcam_HD: Integrate: always reports core events
[     4.333] (**) Option "Device" "/dev/input/event4"
[     4.334] (II) event4  - Integrated_Webcam_HD: Integrate: is tagged by udev as: Keyboard
[     4.334] (II) event4  - Integrated_Webcam_HD: Integrate: device is a keyboard
[     4.334] (II) event4  - Integrated_Webcam_HD: Integrate: device removed
[     4.334] (**) Option "config_info" "udev:/sys/devices/pci0000:00/0000:00:14.0/usb1/1-6/1-6:1.0/input/input11/event4"
[     4.334] (II) XINPUT: Adding extended input device "Integrated_Webcam_HD: Integrate" (type: KEYBOARD, id 9)
[     4.334] (**) Option "xkb_model" "pc105"
[     4.335] (**) Option "xkb_layout" "us"
[     4.336] (II) event4  - Integrated_Webcam_HD: Integrate: is tagged by udev as: Keyboard
[     4.336] (II) event4  - Integrated_Webcam_HD: Integrate: device is a keyboard
[     4.336] (II) config/udev: Adding input device DELL0AB0:00 27C6:0D43 Mouse (/dev/input/event9)
[     4.336] (**) DELL0AB0:00 27C6:0D43 Mouse: Applying InputClass "libinput pointer catchall"
[     4.336] (II) Using input driver 'libinput' for 'DELL0AB0:00 27C6:0D43 Mouse'
[     4.337] (II) systemd-logind: got fd for /dev/input/event9 13:73 fd 50 paused 0
[     4.337] (**) DELL0AB0:00 27C6:0D43 Mouse: always reports core events
[     4.337] (**) Option "Device" "/dev/input/event9"
[     4.337] (II) event9  - DELL0AB0:00 27C6:0D43 Mouse: is tagged by udev as: Mouse Pointingstick
[     4.337] (II) event9  - DELL0AB0:00 27C6:0D43 Mouse: device is a pointer
[     4.338] (II) event9  - DELL0AB0:00 27C6:0D43 Mouse: device removed
[     4.338] (**) Option "config_info" "udev:/sys/devices/pci0000:00/0000:00:15.1/i2c_designware.1/i2c-2/i2c-DELL0AB0:00/0018:27C6:0D43.0001/input/input13/event9"
[     4.338] (II) XINPUT: Adding extended input device "DELL0AB0:00 27C6:0D43 Mouse" (type: MOUSE, id 10)
[     4.338] (**) Option "AccelerationScheme" "none"
[     4.338] (**) DELL0AB0:00 27C6:0D43 Mouse: (accel) selected scheme none/0
[     4.338] (**) DELL0AB0:00 27C6:0D43 Mouse: (accel) acceleration factor: 2.000
[     4.338] (**) DELL0AB0:00 27C6:0D43 Mouse: (accel) acceleration threshold: 4
[     4.338] (II) event9  - DELL0AB0:00 27C6:0D43 Mouse: is tagged by udev as: Mouse Pointingstick
[     4.339] (II) event9  - DELL0AB0:00 27C6:0D43 Mouse: device is a pointer
[     4.339] (II) config/udev: Adding input device DELL0AB0:00 27C6:0D43 Mouse (/dev/input/mouse0)
[     4.339] (II) No input driver specified, ignoring this device.
[     4.339] (II) This device may have been added with another device file.
[     4.340] (II) config/udev: Adding input device DELL0AB0:00 27C6:0D43 Touchpad (/dev/input/event10)
[     4.340] (**) DELL0AB0:00 27C6:0D43 Touchpad: Applying InputClass "libinput touchpad catchall"
[     4.340] (II) Using input driver 'libinput' for 'DELL0AB0:00 27C6:0D43 Touchpad'
[     4.340] (II) systemd-logind: got fd for /dev/input/event10 13:74 fd 51 paused 0
[     4.340] (**) DELL0AB0:00 27C6:0D43 Touchpad: always reports core events
[     4.340] (**) Option "Device" "/dev/input/event10"
[     4.341] (II) event10 - DELL0AB0:00 27C6:0D43 Touchpad: is tagged by udev as: Touchpad
[     4.342] (II) event10 - DELL0AB0:00 27C6:0D43 Touchpad: device is a touchpad
[     4.342] (II) event10 - DELL0AB0:00 27C6:0D43 Touchpad: device removed
[     4.342] (**) Option "config_info" "udev:/sys/devices/pci0000:00/0000:00:15.1/i2c_designware.1/i2c-2/i2c-DELL0AB0:00/0018:27C6:0D43.0001/input/input14/event10"
[     4.342] (II) XINPUT: Adding extended input device "DELL0AB0:00 27C6:0D43 Touchpad" (type: TOUCHPAD, id 11)
[     4.343] (**) Option "AccelerationScheme" "none"
[     4.343] (**) DELL0AB0:00 27C6:0D43 Touchpad: (accel) selected scheme none/0
[     4.343] (**) DELL0AB0:00 27C6:0D43 Touchpad: (accel) acceleration factor: 2.000
[     4.343] (**) DELL0AB0:00 27C6:0D43 Touchpad: (accel) acceleration threshold: 4
[     4.343] (II) event10 - DELL0AB0:00 27C6:0D43 Touchpad: is tagged by udev as: Touchpad
[     4.344] (II) event10 - DELL0AB0:00 27C6:0D43 Touchpad: device is a touchpad
[     4.344] (II) config/udev: Adding input device DELL0AB0:00 27C6:0D43 Touchpad (/dev/input/mouse1)
[     4.344] (II) No input driver specified, ignoring this device.
[     4.344] (II) This device may have been added with another device file.
[     4.345] (II) config/udev: Adding input device HDA Intel PCH Headphone Mic (/dev/input/event13)
[     4.345] (II) No input driver specified, ignoring this device.
[     4.345] (II) This device may have been added with another device file.
[     4.345] (II) config/udev: Adding input device HDA Intel PCH HDMI/DP,pcm=3 (/dev/input/event14)
[     4.345] (II) No input driver specified, ignoring this device.
[     4.345] (II) This device may have been added with another device file.
[     4.345] (II) config/udev: Adding input device HDA Intel PCH HDMI/DP,pcm=7 (/dev/input/event15)
[     4.345] (II) No input driver specified, ignoring this device.
[     4.345] (II) This device may have been added with another device file.
[     4.345] (II) config/udev: Adding input device HDA Intel PCH HDMI/DP,pcm=8 (/dev/input/event16)
[     4.345] (II) No input driver specified, ignoring this device.
[     4.345] (II) This device may have been added with another device file.
[     4.346] (II) config/udev: Adding input device HDA Intel PCH HDMI/DP,pcm=9 (/dev/input/event17)
[     4.346] (II) No input driver specified, ignoring this device.
[     4.346] (II) This device may have been added with another device file.
[     4.346] (II) config/udev: Adding input device HDA Intel PCH HDMI/DP,pcm=10 (/dev/input/event18)
[     4.346] (II) No input driver specified, ignoring this device.
[     4.346] (II) This device may have been added with another device file.
[     4.346] (II) config/udev: Adding input device HDA Intel PCH HDMI/DP,pcm=11 (/dev/input/event19)
[     4.346] (II) No input driver specified, ignoring this device.
[     4.346] (II) This device may have been added with another device file.
[     4.346] (II) config/udev: Adding input device HDA Intel PCH HDMI/DP,pcm=12 (/dev/input/event20)
[     4.346] (II) No input driver specified, ignoring this device.
[     4.346] (II) This device may have been added with another device file.
[     4.346] (II) config/udev: Adding input device HDA Intel PCH HDMI/DP,pcm=13 (/dev/input/event21)
[     4.346] (II) No input driver specified, ignoring this device.
[     4.346] (II) This device may have been added with another device file.
[     4.347] (II) config/udev: Adding input device HDA Intel PCH HDMI/DP,pcm=14 (/dev/input/event22)
[     4.347] (II) No input driver specified, ignoring this device.
[     4.347] (II) This device may have been added with another device file.
[     4.347] (II) config/udev: Adding input device HDA Intel PCH HDMI/DP,pcm=15 (/dev/input/event23)
[     4.347] (II) No input driver specified, ignoring this device.
[     4.347] (II) This device may have been added with another device file.
[     4.347] (II) config/udev: Adding input device HDA Intel PCH HDMI/DP,pcm=16 (/dev/input/event24)
[     4.347] (II) No input driver specified, ignoring this device.
[     4.347] (II) This device may have been added with another device file.
[     4.347] (II) config/udev: Adding input device HDA Intel PCH HDMI/DP,pcm=17 (/dev/input/event25)
[     4.347] (II) No input driver specified, ignoring this device.
[     4.347] (II) This device may have been added with another device file.
[     4.348] (II) config/udev: Adding input device Intel HID events (/dev/input/event6)
[     4.348] (**) Intel HID events: Applying InputClass "libinput keyboard catchall"
[     4.348] (II) Using input driver 'libinput' for 'Intel HID events'
[     4.348] (II) systemd-logind: got fd for /dev/input/event6 13:70 fd 52 paused 0
[     4.348] (**) Intel HID events: always reports core events
[     4.348] (**) Option "Device" "/dev/input/event6"
[     4.349] (II) event6  - Intel HID events: is tagged by udev as: Keyboard
[     4.349] (II) event6  - Intel HID events: device is a keyboard
[     4.349] (II) event6  - Intel HID events: device removed
[     4.349] (**) Option "config_info" "udev:/sys/devices/platform/INTC1051:00/input/input8/event6"
[     4.349] (II) XINPUT: Adding extended input device "Intel HID events" (type: KEYBOARD, id 12)
[     4.349] (**) Option "xkb_model" "pc105"
[     4.349] (**) Option "xkb_layout" "us"
[     4.349] (II) event6  - Intel HID events: is tagged by udev as: Keyboard
[     4.349] (II) event6  - Intel HID events: device is a keyboard
[     4.350] (II) config/udev: Adding input device Intel HID 5 button array (/dev/input/event7)
[     4.350] (**) Intel HID 5 button array: Applying InputClass "libinput keyboard catchall"
[     4.350] (II) Using input driver 'libinput' for 'Intel HID 5 button array'
[     4.350] (II) systemd-logind: got fd for /dev/input/event7 13:71 fd 53 paused 0
[     4.350] (**) Intel HID 5 button array: always reports core events
[     4.350] (**) Option "Device" "/dev/input/event7"
[     4.350] (II) event7  - Intel HID 5 button array: is tagged by udev as: Keyboard
[     4.351] (II) event7  - Intel HID 5 button array: device is a keyboard
[     4.351] (II) event7  - Intel HID 5 button array: device removed
[     4.351] (**) Option "config_info" "udev:/sys/devices/platform/INTC1051:00/input/input9/event7"
[     4.351] (II) XINPUT: Adding extended input device "Intel HID 5 button array" (type: KEYBOARD, id 13)
[     4.351] (**) Option "xkb_model" "pc105"
[     4.351] (**) Option "xkb_layout" "us"
[     4.351] (II) event7  - Intel HID 5 button array: is tagged by udev as: Keyboard
[     4.351] (II) event7  - Intel HID 5 button array: device is a keyboard
[     4.352] (II) config/udev: Adding input device Dell Privacy Driver (/dev/input/event3)
[     4.352] (**) Dell Privacy Driver: Applying InputClass "libinput keyboard catchall"
[     4.352] (II) Using input driver 'libinput' for 'Dell Privacy Driver'
[     4.352] (II) systemd-logind: got fd for /dev/input/event3 13:67 fd 54 paused 0
[     4.352] (**) Dell Privacy Driver: always reports core events
[     4.352] (**) Option "Device" "/dev/input/event3"
[     4.353] (II) event3  - Dell Privacy Driver: is tagged by udev as: Keyboard Switch
[     4.353] (II) event3  - Dell Privacy Driver: device is a keyboard
[     4.353] (II) event3  - Dell Privacy Driver: device removed
[     4.353] (**) Option "config_info" "udev:/sys/devices/platform/PNP0C14:03/wmi_bus/wmi_bus-PNP0C14:03/6932965F-1671-4CEB-B988-D3AB0A901919/input/input10/event3"
[     4.353] (II) XINPUT: Adding extended input device "Dell Privacy Driver" (type: KEYBOARD, id 14)
[     4.353] (**) Option "xkb_model" "pc105"
[     4.353] (**) Option "xkb_layout" "us"
[     4.353] (II) event3  - Dell Privacy Driver: is tagged by udev as: Keyboard Switch
[     4.354] (II) event3  - Dell Privacy Driver: device is a keyboard
[     4.354] (II) config/udev: Adding input device Dell WMI hotkeys (/dev/input/event8)
[     4.354] (**) Dell WMI hotkeys: Applying InputClass "libinput keyboard catchall"
[     4.354] (II) Using input driver 'libinput' for 'Dell WMI hotkeys'
[     4.354] (II) systemd-logind: got fd for /dev/input/event8 13:72 fd 55 paused 0
[     4.354] (**) Dell WMI hotkeys: always reports core events
[     4.354] (**) Option "Device" "/dev/input/event8"
[     4.355] (II) event8  - Dell WMI hotkeys: is tagged by udev as: Keyboard
[     4.355] (II) event8  - Dell WMI hotkeys: device is a keyboard
[     4.355] (II) event8  - Dell WMI hotkeys: device removed
[     4.355] (**) Option "config_info" "udev:/sys/devices/platform/PNP0C14:03/wmi_bus/wmi_bus-PNP0C14:03/9DBB5994-A997-11DA-B012-B622A1EF5492/input/input12/event8"
[     4.355] (II) XINPUT: Adding extended input device "Dell WMI hotkeys" (type: KEYBOARD, id 15)
[     4.355] (**) Option "xkb_model" "pc105"
[     4.355] (**) Option "xkb_layout" "us"
[     4.356] (II) event8  - Dell WMI hotkeys: is tagged by udev as: Keyboard
[     4.356] (II) event8  - Dell WMI hotkeys: device is a keyboard
[     4.356] (II) config/udev: Adding input device AT Translated Set 2 keyboard (/dev/input/event2)
[     4.356] (**) AT Translated Set 2 keyboard: Applying InputClass "libinput keyboard catchall"
[     4.356] (II) Using input driver 'libinput' for 'AT Translated Set 2 keyboard'
[     4.357] (II) systemd-logind: got fd for /dev/input/event2 13:66 fd 56 paused 0
[     4.357] (**) AT Translated Set 2 keyboard: always reports core events
[     4.357] (**) Option "Device" "/dev/input/event2"
[     4.357] (II) event2  - AT Translated Set 2 keyboard: is tagged by udev as: Keyboard
[     4.357] (II) event2  - AT Translated Set 2 keyboard: device is a keyboard
[     4.358] (II) event2  - AT Translated Set 2 keyboard: device removed
[     4.358] (**) Option "config_info" "udev:/sys/devices/platform/i8042/serio0/input/input2/event2"
[     4.358] (II) XINPUT: Adding extended input device "AT Translated Set 2 keyboard" (type: KEYBOARD, id 16)
[     4.358] (**) Option "xkb_model" "pc105"
[     4.358] (**) Option "xkb_layout" "us"
[     4.359] (II) event2  - AT Translated Set 2 keyboard: is tagged by udev as: Keyboard
[     4.359] (II) event2  - AT Translated Set 2 keyboard: device is a keyboard
[     4.360] (II) config/udev: Adding input device PS/2 Generic Mouse (/dev/input/event5)
[     4.360] (**) PS/2 Generic Mouse: Applying InputClass "libinput pointer catchall"
[     4.360] (II) Using input driver 'libinput' for 'PS/2 Generic Mouse'
[     4.360] (II) systemd-logind: got fd for /dev/input/event5 13:69 fd 57 paused 0
[     4.360] (**) PS/2 Generic Mouse: always reports core events
[     4.360] (**) Option "Device" "/dev/input/event5"
[     4.361] (II) event5  - PS/2 Generic Mouse: is tagged by udev as: Mouse
[     4.361] (II) event5  - PS/2 Generic Mouse: device is a pointer
[     4.361] (II) event5  - PS/2 Generic Mouse: device removed
[     4.361] (**) Option "config_info" "udev:/sys/devices/platform/i8042/serio1/input/input4/event5"
[     4.361] (II) XINPUT: Adding extended input device "PS/2 Generic Mouse" (type: MOUSE, id 17)
[     4.361] (**) Option "AccelerationScheme" "none"
[     4.361] (**) PS/2 Generic Mouse: (accel) selected scheme none/0
[     4.361] (**) PS/2 Generic Mouse: (accel) acceleration factor: 2.000
[     4.361] (**) PS/2 Generic Mouse: (accel) acceleration threshold: 4
[     4.362] (II) event5  - PS/2 Generic Mouse: is tagged by udev as: Mouse
[     4.362] (II) event5  - PS/2 Generic Mouse: device is a pointer
[     4.362] (II) config/udev: Adding input device PS/2 Generic Mouse (/dev/input/mouse2)
[     4.362] (II) No input driver specified, ignoring this device.
[     4.362] (II) This device may have been added with another device file.
[     4.460] (II) modeset(0): EDID vendor "BOE", prod id 2429
[     4.460] (II) modeset(0): Printing DDC gathered Modelines:
[     4.461] (II) modeset(0): Modeline "1920x1080"x0.0  151.31  1920 1968 2000 2212  1080 1083 1089 1140 +hsync -vsync (68.4 kHz eP)
[     4.461] (II) modeset(0): Modeline "1920x1080"x0.0  121.05  1920 1968 2000 2212  1080 1083 1089 1140 +hsync -vsync (54.7 kHz e)
[     4.466] (II) modeset(0): EDID vendor "BOE", prod id 2429
[     4.466] (II) modeset(0): Printing DDC gathered Modelines:
[     4.466] (II) modeset(0): Modeline "1920x1080"x0.0  151.31  1920 1968 2000 2212  1080 1083 1089 1140 +hsync -vsync (68.4 kHz eP)
[     4.466] (II) modeset(0): Modeline "1920x1080"x0.0  121.05  1920 1968 2000 2212  1080 1083 1089 1140 +hsync -vsync (54.7 kHz e)
[     4.467] (II) modeset(0): EDID vendor "BOE", prod id 2429
[     4.467] (II) modeset(0): Printing DDC gathered Modelines:
[     4.467] (II) modeset(0): Modeline "1920x1080"x0.0  151.31  1920 1968 2000 2212  1080 1083 1089 1140 +hsync -vsync (68.4 kHz eP)
[     4.467] (II) modeset(0): Modeline "1920x1080"x0.0  121.05  1920 1968 2000 2212  1080 1083 1089 1140 +hsync -vsync (54.7 kHz e)
[     4.471] (II) modeset(0): EDID vendor "BOE", prod id 2429
[     4.471] (II) modeset(0): Printing DDC gathered Modelines:
[     4.471] (II) modeset(0): Modeline "1920x1080"x0.0  151.31  1920 1968 2000 2212  1080 1083 1089 1140 +hsync -vsync (68.4 kHz eP)
[     4.471] (II) modeset(0): Modeline "1920x1080"x0.0  121.05  1920 1968 2000 2212  1080 1083 1089 1140 +hsync -vsync (54.7 kHz e)
[     4.476] (II) modeset(0): EDID vendor "BOE", prod id 2429
[     4.477] (II) modeset(0): Printing DDC gathered Modelines:
[     4.477] (II) modeset(0): Modeline "1920x1080"x0.0  151.31  1920 1968 2000 2212  1080 1083 1089 1140 +hsync -vsync (68.4 kHz eP)
[     4.477] (II) modeset(0): Modeline "1920x1080"x0.0  121.05  1920 1968 2000 2212  1080 1083 1089 1140 +hsync -vsync (54.7 kHz e)
[     4.765] (II) modeset(0): Allocate new frame buffer 320x200 stride
[     4.768] (II) modeset(0): Allocate new frame buffer 1920x1080 stride
[     6.260] (II) modeset(0): EDID vendor "BOE", prod id 2429
[     6.260] (II) modeset(0): Printing DDC gathered Modelines:
[     6.260] (II) modeset(0): Modeline "1920x1080"x0.0  151.31  1920 1968 2000 2212  1080 1083 1089 1140 +hsync -vsync (68.4 kHz eP)
[     6.260] (II) modeset(0): Modeline "1920x1080"x0.0  121.05  1920 1968 2000 2212  1080 1083 1089 1140 +hsync -vsync (54.7 kHz e)
[   683.784] (EE) event10 - DELL0AB0:00 27C6:0D43 Touchpad: kernel bug: Touch jump detected and discarded.
See https://wayland.freedesktop.org/libinput/doc/1.20.0/touchpad-jumping-cursors.html for details
[   684.330] (EE) event10 - DELL0AB0:00 27C6:0D43 Touchpad: kernel bug: Touch jump detected and discarded.
See https://wayland.freedesktop.org/libinput/doc/1.20.0/touchpad-jumping-cursors.html for details
[   684.346] (EE) event10 - DELL0AB0:00 27C6:0D43 Touchpad: kernel bug: Touch jump detected and discarded.
See https://wayland.freedesktop.org/libinput/doc/1.20.0/touchpad-jumping-cursors.html for details
[  1928.933] (EE) client bug: timer event10 hold: scheduled expiry is in the past (-226ms), your system is too slow
[  1960.868] (EE) event10 - DELL0AB0:00 27C6:0D43 Touchpad: kernel bug: Touch jump detected and discarded.
See https://wayland.freedesktop.org/libinput/doc/1.20.0/touchpad-jumping-cursors.html for details
[  2503.726] (II) modeset(0): EDID vendor "BOE", prod id 2429
[  2503.726] (II) modeset(0): Printing DDC gathered Modelines:
[  2503.726] (II) modeset(0): Modeline "1920x1080"x0.0  151.31  1920 1968 2000 2212  1080 1083 1089 1140 +hsync -vsync (68.4 kHz eP)
[  2503.726] (II) modeset(0): Modeline "1920x1080"x0.0  121.05  1920 1968 2000 2212  1080 1083 1089 1140 +hsync -vsync (54.7 kHz e)
[  4490.617] (EE) event10 - DELL0AB0:00 27C6:0D43 Touchpad: kernel bug: Touch jump detected and discarded.
See https://wayland.freedesktop.org/libinput/doc/1.20.0/touchpad-jumping-cursors.html for details
[  4490.617] (EE) event10 - DELL0AB0:00 27C6:0D43 Touchpad: WARNING: log rate limit exceeded (5 msgs per 24h). Discarding future messages.
